T6FA0 000:000.613   SEGGER J-Link V8.12c Log File
T6FA0 000:000.719   DLL Compiled: Jan 22 2025 12:55:59
T6FA0 000:000.734   Logging started @ 2025-05-05 15:20
T6FA0 000:000.747   Process: C:\Users\a8456\.eclipse\com.renesas.platform_1309835749\DebugComp\RA\e2-server-gdb.exe
T6FA0 000:000.764 - 0.760ms 
T6FA0 000:000.784 JLINK_GetDLLVersion()
T6FA0 000:000.798 - 0.014ms returns 81203
T6FA0 000:005.898 JLINK_OpenEx(...)
T6FA0 000:012.137   Firmware: J-Link V9 compiled May  7 2021 16:26:12
T6FA0 000:012.788   Firmware: J-Link V9 compiled May  7 2021 16:26:12
T6FA0 000:012.924   Decompressing FW timestamp took 92 us
T6FA0 000:018.302   Hardware: V9.60
T6FA0 000:018.349   S/N: 69660718
T6FA0 000:018.369   OEM: SEGGER
T6FA0 000:018.508   Feature(s): RDI, GDB, FlashDL, FlashBP, JFlash
T6FA0 000:019.037   Bootloader: (FW returned invalid version)
T6FA0 000:019.727   TELNET listener socket opened on port 19021
T6FA0 000:019.847   WEBSRV WEBSRV_Init(): Starting webserver thread(s)
T6FA0 000:020.131   WEBSRV Webserver running on local port 19080
T6FA0 000:020.250   Looking for J-Link GUI Server exe at: C:\Users\a8456\.eclipse\com.renesas.platform_1309835749\DebugComp\RA\ARM\Segger_v8.12.3\JLinkGUIServer.exe
T6FA0 000:020.334   Looking for J-Link GUI Server exe at: C:\Program Files\SEGGER\JLink_V818\JLinkGUIServer.exe
T6FA0 000:020.361   Forking J-Link GUI Server: C:\Program Files\SEGGER\JLink_V818\JLinkGUIServer.exe
T6FA0 000:043.603   J-Link GUI Server info: "J-Link GUI server V8.18 "
T6FA0 000:046.003 - 40.103ms returns "O.K."
T6FA0 000:046.080 JLINK_TIF_Select(JLINKARM_TIF_SWD)
T6FA0 000:046.534 - 0.453ms returns 0x00
T6FA0 000:046.559 JLINK_ClrRESET()
T6FA0 000:046.999 - 0.439ms 
T6FA0 000:097.281 JLINK_SetSpeed(1500)
T6FA0 000:097.432 - 0.158ms 
T6FA0 000:097.465 JLINK_CORESIGHT_Configure(PerformTIFInit=0)
T6FA0 000:097.852 - 0.392ms returns 0
T6FA0 000:097.867 JLINK_CORESIGHT_ReadAPDPReg(DP reg 0x00)
T6FA0 000:098.370   Value=0x6BA02477
T6FA0 000:098.396 - 0.530ms returns 0
T6FA0 000:098.408 JLINK_CORESIGHT_WriteAPDPReg(DP reg 0x00, 0x0000001F)
T6FA0 000:098.687 - 0.279ms returns 0
T6FA0 000:098.696 JLINK_CORESIGHT_ReadAPDPReg(DP reg 0x00)
T6FA0 000:098.956   Value=0x6BA02477
T6FA0 000:098.979 - 0.283ms returns 0
T6FA0 000:098.989 JLINK_CORESIGHT_WriteAPDPReg(DP reg 0x02, 0x00000000)
T6FA0 000:099.199 - 0.209ms returns 0
T6FA0 000:099.207 JLINK_CORESIGHT_WriteAPDPReg(DP reg 0x01, 0x50000000)
T6FA0 000:099.401 - 0.194ms returns 0
T6FA0 000:099.421 JLINK_CORESIGHT_ReadAPDPReg(DP reg 0x01)
T6FA0 000:099.668   Value=0xD0000040
T6FA0 000:099.677 - 0.256ms returns 0
T6FA0 000:099.686 JLINK_CORESIGHT_ReadAPDPReg(DP reg 0x01)
T6FA0 000:099.857   Value=0xD0000040
T6FA0 000:099.865 - 0.179ms returns 0
T6FA0 000:099.872 JLINK_CORESIGHT_ReadAPDPReg(DP reg 0x01)
T6FA0 000:100.046   Value=0xD0000040
T6FA0 000:100.054 - 0.182ms returns 0
T6FA0 000:100.061 JLINK_CORESIGHT_ReadAPDPReg(DP reg 0x01)
T6FA0 000:100.235   Value=0xD0000040
T6FA0 000:100.243 - 0.182ms returns 0
T6FA0 000:100.250 JLINK_CORESIGHT_ReadAPDPReg(DP reg 0x01)
T6FA0 000:100.441   Value=0xD0000040
T6FA0 000:100.450 - 0.199ms returns 0
T6FA0 000:100.457 JLINK_CORESIGHT_ReadAPDPReg(DP reg 0x01)
T6FA0 000:100.667   Value=0xD0000040
T6FA0 000:100.675 - 0.218ms returns 0
T6FA0 000:100.682 JLINK_CORESIGHT_ReadAPDPReg(DP reg 0x01)
T6FA0 000:100.860   Value=0xD0000040
T6FA0 000:100.874 - 0.191ms returns 0
T6FA0 000:100.882 JLINK_CORESIGHT_ReadAPDPReg(DP reg 0x01)
T6FA0 000:101.083   Value=0xF0000040
T6FA0 000:101.091 - 0.208ms returns 0
T6FA0 000:101.098 JLINK_CORESIGHT_WriteAPDPReg(DP reg 0x00, 0x0000001F)
T6FA0 000:101.277 - 0.179ms returns 0
T6FA0 000:101.284 JLINK_CORESIGHT_ReadAPDPReg(DP reg 0x00)
T6FA0 000:101.472   Value=0x6BA02477
T6FA0 000:101.483 - 0.198ms returns 0
T6FA0 000:101.491 JLINK_CORESIGHT_WriteAPDPReg(DP reg 0x01, 0x54000000)
T6FA0 000:101.699 - 0.208ms returns 0
T6FA0 000:101.710 JLINK_CORESIGHT_WriteAPDPReg(DP reg 0x01, 0x50000F00)
T6FA0 000:101.900 - 0.190ms returns 0
T6FA0 000:101.910 JLINK_CORESIGHT_WriteAPDPReg(DP reg 0x02, 0x01000000)
T6FA0 000:102.147 - 0.237ms returns 0
T6FA0 000:102.157 JLINK_CORESIGHT_WriteAPDPReg(AP reg 0x00, 0x80000002)
T6FA0 000:102.333 - 0.176ms returns 0
T6FA0 000:102.341 JLINK_CORESIGHT_WriteAPDPReg(AP reg 0x01, 0x80011100)
T6FA0 000:102.527 - 0.186ms returns 0
T6FA0 000:102.535 JLINK_CORESIGHT_WriteAPDPReg(AP reg 0x03, 0x000000A5)
T6FA0 000:102.793 - 0.257ms returns 0
T6FA0 000:102.822 JLINK_CORESIGHT_WriteAPDPReg(AP reg 0x00, 0x80000002)
T6FA0 000:103.028 - 0.205ms returns 0
T6FA0 000:103.038 JLINK_CORESIGHT_WriteAPDPReg(AP reg 0x01, 0x80011100)
T6FA0 000:103.219 - 0.181ms returns 0
T6FA0 000:103.227 JLINK_CORESIGHT_ReadAPDPReg(AP reg 0x03)
T6FA0 000:103.441   Value=0x000000A5
T6FA0 000:103.449 - 0.222ms returns 0
T6FA0 000:103.457 JLINK_ClrTMS()
T6FA0 000:103.493 - 0.035ms 
T6FA0 000:108.801 JLINK_SetTCK()
T6FA0 000:108.873 - 0.072ms returns 0
T6FA0 000:114.303 JLINK_SetRESET()
T6FA0 000:114.387 - 0.083ms 
T6FA0 000:314.456 JLINK_CORESIGHT_WriteAPDPReg(AP reg 0x00, 0x80000002)
T6FA0 000:314.734 - 0.283ms returns 0
T6FA0 000:314.743 JLINK_CORESIGHT_WriteAPDPReg(AP reg 0x01, 0x80011100)
T6FA0 000:314.967 - 0.223ms returns 0
T6FA0 000:314.974 JLINK_CORESIGHT_ReadAPDPReg(AP reg 0x03)
T6FA0 000:315.233   Value=0x00000000
T6FA0 000:315.241 - 0.266ms returns 0
T6FA0 000:315.249 JLINK_CORESIGHT_WriteAPDPReg(AP reg 0x00, 0x80000002)
T6FA0 000:315.457 - 0.208ms returns 0
T6FA0 000:315.464 JLINK_CORESIGHT_WriteAPDPReg(AP reg 0x01, 0x80011140)
T6FA0 000:315.697 - 0.232ms returns 0
T6FA0 000:315.714 JLINK_CORESIGHT_ReadAPDPReg(AP reg 0x03)
T6FA0 000:315.941   Value=0x00000002
T6FA0 000:315.960 - 0.245ms returns 0
T6FA0 000:315.968 JLINK_CORESIGHT_WriteAPDPReg(AP reg 0x00, 0x80000002)
T6FA0 000:316.184 - 0.216ms returns 0
T6FA0 000:316.213 JLINK_CORESIGHT_WriteAPDPReg(AP reg 0x01, 0x80011120)
T6FA0 000:316.408 - 0.195ms returns 0
T6FA0 000:316.426 JLINK_CORESIGHT_WriteAPDPReg(AP reg 0x03, 0x00000055)
T6FA0 000:316.670 - 0.243ms returns 0
T6FA0 000:316.686 JLINK_CORESIGHT_WriteAPDPReg(AP reg 0x00, 0x80000002)
T6FA0 000:316.908 - 0.221ms returns 0
T6FA0 000:316.915 JLINK_CORESIGHT_WriteAPDPReg(AP reg 0x01, 0x80011140)
T6FA0 000:317.106 - 0.189ms returns 0
T6FA0 000:317.139 JLINK_CORESIGHT_ReadAPDPReg(AP reg 0x03)
T6FA0 000:317.377   Value=0x00000000
T6FA0 000:317.387 - 0.248ms returns 0
T6FA0 000:317.396 JLINK_CORESIGHT_WriteAPDPReg(AP reg 0x00, 0x80000002)
T6FA0 000:317.570 - 0.175ms returns 0
T6FA0 000:317.578 JLINK_CORESIGHT_WriteAPDPReg(AP reg 0x01, 0x80011130)
T6FA0 000:317.809 - 0.232ms returns 0
T6FA0 000:317.817 JLINK_CORESIGHT_ReadAPDPReg(AP reg 0x03)
T6FA0 000:318.034   Value=0x000000C6
T6FA0 000:318.045 - 0.228ms returns 0
T6FA0 000:318.062 JLINK_CORESIGHT_WriteAPDPReg(AP reg 0x00, 0x80000002)
T6FA0 000:318.246 - 0.183ms returns 0
T6FA0 000:318.253 JLINK_CORESIGHT_WriteAPDPReg(AP reg 0x01, 0x80011140)
T6FA0 000:318.438 - 0.185ms returns 0
T6FA0 000:318.446 JLINK_CORESIGHT_ReadAPDPReg(AP reg 0x03)
T6FA0 000:318.681   Value=0x00000002
T6FA0 000:318.691 - 0.245ms returns 0
T6FA0 000:318.699 JLINK_CORESIGHT_WriteAPDPReg(AP reg 0x00, 0x80000002)
T6FA0 000:318.889 - 0.190ms returns 0
T6FA0 000:318.896 JLINK_CORESIGHT_WriteAPDPReg(AP reg 0x01, 0x80011120)
T6FA0 000:319.068 - 0.171ms returns 0
T6FA0 000:319.075 JLINK_CORESIGHT_WriteAPDPReg(AP reg 0x03, 0x3A010001)
T6FA0 000:319.254 - 0.178ms returns 0
T6FA0 000:319.261 JLINK_CORESIGHT_WriteAPDPReg(AP reg 0x00, 0x80000002)
T6FA0 000:319.434 - 0.173ms returns 0
T6FA0 000:319.441 JLINK_CORESIGHT_WriteAPDPReg(AP reg 0x01, 0x80011140)
T6FA0 000:319.667 - 0.225ms returns 0
T6FA0 000:319.677 JLINK_CORESIGHT_ReadAPDPReg(AP reg 0x03)
T6FA0 000:319.900   Value=0x00000002
T6FA0 000:319.908 - 0.231ms returns 0
T6FA0 000:319.915 JLINK_CORESIGHT_WriteAPDPReg(AP reg 0x00, 0x80000002)
T6FA0 000:320.095 - 0.180ms returns 0
T6FA0 000:320.102 JLINK_CORESIGHT_WriteAPDPReg(AP reg 0x01, 0x80011120)
T6FA0 000:320.280 - 0.178ms returns 0
T6FA0 000:320.287 JLINK_CORESIGHT_WriteAPDPReg(AP reg 0x03, 0x000003C5)
T6FA0 000:320.503 - 0.216ms returns 0
T6FA0 000:320.517 JLINK_CORESIGHT_WriteAPDPReg(AP reg 0x00, 0x80000002)
T6FA0 000:320.912 - 0.394ms returns 0
T6FA0 000:320.942 JLINK_CORESIGHT_WriteAPDPReg(AP reg 0x01, 0x80011140)
T6FA0 000:321.156 - 0.214ms returns 0
T6FA0 000:321.169 JLINK_CORESIGHT_ReadAPDPReg(AP reg 0x03)
T6FA0 000:321.416   Value=0x00000002
T6FA0 000:321.424 - 0.255ms returns 0
T6FA0 000:321.431 JLINK_CORESIGHT_ReadAPDPReg(AP reg 0x03)
T6FA0 000:321.699   Value=0x00000002
T6FA0 000:321.730 - 0.298ms returns 0
T6FA0 000:321.744 JLINK_CORESIGHT_ReadAPDPReg(AP reg 0x03)
T6FA0 000:321.997   Value=0x00000002
T6FA0 000:322.023 - 0.279ms returns 0
T6FA0 000:322.037 JLINK_CORESIGHT_ReadAPDPReg(AP reg 0x03)
T6FA0 000:322.281   Value=0x00000002
T6FA0 000:322.308 - 0.270ms returns 0
T6FA0 000:322.319 JLINK_CORESIGHT_ReadAPDPReg(AP reg 0x03)
T6FA0 000:322.532   Value=0x00000002
T6FA0 000:322.541 - 0.222ms returns 0
T6FA0 000:322.547 JLINK_CORESIGHT_ReadAPDPReg(AP reg 0x03)
T6FA0 000:322.842   Value=0x00000002
T6FA0 000:322.850 - 0.302ms returns 0
T6FA0 000:322.857 JLINK_CORESIGHT_ReadAPDPReg(AP reg 0x03)
T6FA0 000:323.084   Value=0x00000000
T6FA0 000:323.092 - 0.235ms returns 0
T6FA0 000:323.099 JLINK_CORESIGHT_WriteAPDPReg(AP reg 0x00, 0x80000002)
T6FA0 000:323.275 - 0.176ms returns 0
T6FA0 000:323.282 JLINK_CORESIGHT_WriteAPDPReg(AP reg 0x01, 0x80011130)
T6FA0 000:323.466 - 0.184ms returns 0
T6FA0 000:323.475 JLINK_CORESIGHT_ReadAPDPReg(AP reg 0x03)
T6FA0 000:323.708   Value=0x3A2A0081
T6FA0 000:323.717 - 0.242ms returns 0
T6FA0 000:323.724 JLINK_CORESIGHT_WriteAPDPReg(AP reg 0x00, 0x80000002)
T6FA0 000:323.898 - 0.174ms returns 0
T6FA0 000:323.905 JLINK_CORESIGHT_WriteAPDPReg(AP reg 0x01, 0x80011140)
T6FA0 000:324.083 - 0.177ms returns 0
T6FA0 000:324.092 JLINK_CORESIGHT_ReadAPDPReg(AP reg 0x03)
T6FA0 000:324.317   Value=0x00000000
T6FA0 000:324.326 - 0.234ms returns 0
T6FA0 000:324.333 JLINK_CORESIGHT_WriteAPDPReg(AP reg 0x00, 0x80000002)
T6FA0 000:324.504 - 0.171ms returns 0
T6FA0 000:324.511 JLINK_CORESIGHT_WriteAPDPReg(AP reg 0x01, 0x80011130)
T6FA0 000:324.709 - 0.197ms returns 0
T6FA0 000:324.716 JLINK_CORESIGHT_ReadAPDPReg(AP reg 0x03)
T6FA0 000:324.981   Value=0x80841E00
T6FA0 000:325.010 - 0.294ms returns 0
T6FA0 000:325.029 JLINK_CORESIGHT_WriteAPDPReg(AP reg 0x00, 0x80000002)
T6FA0 000:325.207 - 0.178ms returns 0
T6FA0 000:325.223 JLINK_CORESIGHT_WriteAPDPReg(AP reg 0x01, 0x80011140)
T6FA0 000:325.400 - 0.177ms returns 0
T6FA0 000:325.408 JLINK_CORESIGHT_ReadAPDPReg(AP reg 0x03)
T6FA0 000:325.689   Value=0x00000000
T6FA0 000:325.699 - 0.291ms returns 0
T6FA0 000:325.708 JLINK_CORESIGHT_WriteAPDPReg(AP reg 0x00, 0x80000002)
T6FA0 000:325.894 - 0.186ms returns 0
T6FA0 000:325.902 JLINK_CORESIGHT_WriteAPDPReg(AP reg 0x01, 0x80011130)
T6FA0 000:326.083 - 0.181ms returns 0
T6FA0 000:326.092 JLINK_CORESIGHT_ReadAPDPReg(AP reg 0x03)
T6FA0 000:326.343   Value=0x000D0803
T6FA0 000:326.351 - 0.259ms returns 0
T6FA0 000:326.359 JLINK_CORESIGHT_WriteAPDPReg(AP reg 0x00, 0x80000002)
T6FA0 000:326.533 - 0.174ms returns 0
T6FA0 000:326.541 JLINK_CORESIGHT_WriteAPDPReg(AP reg 0x01, 0x80011140)
T6FA0 000:326.789 - 0.248ms returns 0
T6FA0 000:326.797 JLINK_CORESIGHT_ReadAPDPReg(AP reg 0x03)
T6FA0 000:327.022   Value=0x00000000
T6FA0 000:327.033 - 0.235ms returns 0
T6FA0 000:327.042 JLINK_CORESIGHT_WriteAPDPReg(AP reg 0x00, 0x80000002)
T6FA0 000:327.238 - 0.196ms returns 0
T6FA0 000:327.247 JLINK_CORESIGHT_WriteAPDPReg(AP reg 0x01, 0x80011130)
T6FA0 000:327.436 - 0.189ms returns 0
T6FA0 000:327.444 JLINK_CORESIGHT_ReadAPDPReg(AP reg 0x03)
T6FA0 000:327.717   Value=0x31574B02
T6FA0 000:327.732 - 0.288ms returns 0
T6FA0 000:327.742 JLINK_CORESIGHT_WriteAPDPReg(AP reg 0x00, 0x80000002)
T6FA0 000:327.973 - 0.231ms returns 0
T6FA0 000:327.995 JLINK_CORESIGHT_WriteAPDPReg(AP reg 0x01, 0x80011140)
T6FA0 000:328.221 - 0.226ms returns 0
T6FA0 000:328.238 JLINK_CORESIGHT_ReadAPDPReg(AP reg 0x03)
T6FA0 000:328.503   Value=0x00000000
T6FA0 000:328.557 - 0.318ms returns 0
T6FA0 000:328.567 JLINK_CORESIGHT_WriteAPDPReg(AP reg 0x00, 0x80000002)
T6FA0 000:328.791 - 0.223ms returns 0
T6FA0 000:328.816 JLINK_CORESIGHT_WriteAPDPReg(AP reg 0x01, 0x80011130)
T6FA0 000:329.030 - 0.214ms returns 0
T6FA0 000:329.047 JLINK_CORESIGHT_ReadAPDPReg(AP reg 0x03)
T6FA0 000:329.285   Value=0x33D8AB74
T6FA0 000:329.297 - 0.249ms returns 0
T6FA0 000:329.306 JLINK_CORESIGHT_WriteAPDPReg(AP reg 0x00, 0x80000002)
T6FA0 000:329.507 - 0.200ms returns 0
T6FA0 000:329.530 JLINK_CORESIGHT_WriteAPDPReg(AP reg 0x01, 0x80011140)
T6FA0 000:329.710 - 0.180ms returns 0
T6FA0 000:329.721 JLINK_CORESIGHT_ReadAPDPReg(AP reg 0x03)
T6FA0 000:329.986   Value=0x00000000
T6FA0 000:329.995 - 0.274ms returns 0
T6FA0 000:330.003 JLINK_CORESIGHT_WriteAPDPReg(AP reg 0x00, 0x80000002)
T6FA0 000:330.214 - 0.211ms returns 0
T6FA0 000:330.222 JLINK_CORESIGHT_WriteAPDPReg(AP reg 0x01, 0x80011130)
T6FA0 000:330.402 - 0.180ms returns 0
T6FA0 000:330.410 JLINK_CORESIGHT_ReadAPDPReg(AP reg 0x03)
T6FA0 000:330.712   Value=0x30383334
T6FA0 000:330.731 - 0.321ms returns 0
T6FA0 000:330.746 JLINK_CORESIGHT_WriteAPDPReg(AP reg 0x00, 0x80000002)
T6FA0 000:330.964 - 0.218ms returns 0
T6FA0 000:330.976 JLINK_CORESIGHT_WriteAPDPReg(AP reg 0x01, 0x80011140)
T6FA0 000:331.196 - 0.220ms returns 0
T6FA0 000:331.205 JLINK_CORESIGHT_ReadAPDPReg(AP reg 0x03)
T6FA0 000:331.439   Value=0x00000000
T6FA0 000:331.448 - 0.243ms returns 0
T6FA0 000:331.456 JLINK_CORESIGHT_WriteAPDPReg(AP reg 0x00, 0x80000002)
T6FA0 000:331.700 - 0.243ms returns 0
T6FA0 000:331.714 JLINK_CORESIGHT_WriteAPDPReg(AP reg 0x01, 0x80011130)
T6FA0 000:331.898 - 0.184ms returns 0
T6FA0 000:331.907 JLINK_CORESIGHT_ReadAPDPReg(AP reg 0x03)
T6FA0 000:332.125   Value=0x25123130
T6FA0 000:332.133 - 0.226ms returns 0
T6FA0 000:332.141 JLINK_CORESIGHT_WriteAPDPReg(AP reg 0x00, 0x80000002)
T6FA0 000:332.317 - 0.176ms returns 0
T6FA0 000:332.326 JLINK_CORESIGHT_WriteAPDPReg(AP reg 0x01, 0x80011140)
T6FA0 000:332.578 - 0.251ms returns 0
T6FA0 000:332.605 JLINK_CORESIGHT_ReadAPDPReg(AP reg 0x03)
T6FA0 000:332.841   Value=0x00000000
T6FA0 000:332.852 - 0.248ms returns 0
T6FA0 000:332.861 JLINK_CORESIGHT_WriteAPDPReg(AP reg 0x00, 0x80000002)
T6FA0 000:333.033 - 0.172ms returns 0
T6FA0 000:333.041 JLINK_CORESIGHT_WriteAPDPReg(AP reg 0x01, 0x80011130)
T6FA0 000:333.220 - 0.178ms returns 0
T6FA0 000:333.228 JLINK_CORESIGHT_ReadAPDPReg(AP reg 0x03)
T6FA0 000:333.440   Value=0x46375225
T6FA0 000:333.448 - 0.220ms returns 0
T6FA0 000:333.456 JLINK_CORESIGHT_WriteAPDPReg(AP reg 0x00, 0x80000002)
T6FA0 000:333.665 - 0.209ms returns 0
T6FA0 000:333.675 JLINK_CORESIGHT_WriteAPDPReg(AP reg 0x01, 0x80011140)
T6FA0 000:333.854 - 0.179ms returns 0
T6FA0 000:333.863 JLINK_CORESIGHT_ReadAPDPReg(AP reg 0x03)
T6FA0 000:334.081   Value=0x00000000
T6FA0 000:334.090 - 0.227ms returns 0
T6FA0 000:334.098 JLINK_CORESIGHT_WriteAPDPReg(AP reg 0x00, 0x80000002)
T6FA0 000:334.275 - 0.177ms returns 0
T6FA0 000:334.282 JLINK_CORESIGHT_WriteAPDPReg(AP reg 0x01, 0x80011130)
T6FA0 000:334.457 - 0.175ms returns 0
T6FA0 000:334.465 JLINK_CORESIGHT_ReadAPDPReg(AP reg 0x03)
T6FA0 000:334.716   Value=0x314C3441
T6FA0 000:334.726 - 0.260ms returns 0
T6FA0 000:334.734 JLINK_CORESIGHT_WriteAPDPReg(AP reg 0x00, 0x80000002)
T6FA0 000:334.909 - 0.175ms returns 0
T6FA0 000:334.917 JLINK_CORESIGHT_WriteAPDPReg(AP reg 0x01, 0x80011140)
T6FA0 000:335.097 - 0.179ms returns 0
T6FA0 000:335.113 JLINK_CORESIGHT_ReadAPDPReg(AP reg 0x03)
T6FA0 000:335.331   Value=0x00000000
T6FA0 000:335.340 - 0.227ms returns 0
T6FA0 000:335.348 JLINK_CORESIGHT_WriteAPDPReg(AP reg 0x00, 0x80000002)
T6FA0 000:335.526 - 0.178ms returns 0
T6FA0 000:335.534 JLINK_CORESIGHT_WriteAPDPReg(AP reg 0x01, 0x80011130)
T6FA0 000:335.783 - 0.249ms returns 0
T6FA0 000:335.793 JLINK_CORESIGHT_ReadAPDPReg(AP reg 0x03)
T6FA0 000:336.021   Value=0x43344442
T6FA0 000:336.087 - 0.294ms returns 0
T6FA0 000:336.095 JLINK_CORESIGHT_WriteAPDPReg(AP reg 0x00, 0x80000002)
T6FA0 000:336.280 - 0.185ms returns 0
T6FA0 000:336.291 JLINK_CORESIGHT_WriteAPDPReg(AP reg 0x01, 0x80011140)
T6FA0 000:336.473 - 0.182ms returns 0
T6FA0 000:336.481 JLINK_CORESIGHT_ReadAPDPReg(AP reg 0x03)
T6FA0 000:336.706   Value=0x00000000
T6FA0 000:336.714 - 0.232ms returns 0
T6FA0 000:336.721 JLINK_CORESIGHT_WriteAPDPReg(AP reg 0x00, 0x80000002)
T6FA0 000:336.898 - 0.176ms returns 0
T6FA0 000:336.906 JLINK_CORESIGHT_WriteAPDPReg(AP reg 0x01, 0x80011130)
T6FA0 000:337.083 - 0.177ms returns 0
T6FA0 000:337.093 JLINK_CORESIGHT_ReadAPDPReg(AP reg 0x03)
T6FA0 000:337.322   Value=0x20205046
T6FA0 000:337.347 - 0.253ms returns 0
T6FA0 000:337.362 JLINK_CORESIGHT_WriteAPDPReg(AP reg 0x00, 0x80000002)
T6FA0 000:337.566 - 0.204ms returns 0
T6FA0 000:337.582 JLINK_CORESIGHT_WriteAPDPReg(AP reg 0x01, 0x80011140)
T6FA0 000:337.785 - 0.202ms returns 0
T6FA0 000:337.800 JLINK_CORESIGHT_ReadAPDPReg(AP reg 0x03)
T6FA0 000:338.061   Value=0x00000000
T6FA0 000:338.087 - 0.287ms returns 0
T6FA0 000:338.103 JLINK_CORESIGHT_WriteAPDPReg(AP reg 0x00, 0x80000002)
T6FA0 000:338.335 - 0.231ms returns 0
T6FA0 000:338.429 JLINK_CORESIGHT_WriteAPDPReg(AP reg 0x01, 0x80011130)
T6FA0 000:338.677 - 0.247ms returns 0
T6FA0 000:338.693 JLINK_CORESIGHT_ReadAPDPReg(AP reg 0x03)
T6FA0 000:338.924   Value=0x00032320
T6FA0 000:338.948 - 0.255ms returns 0
T6FA0 000:339.065 JLINK_CORESIGHT_WriteAPDPReg(AP reg 0x00, 0x80000002)
T6FA0 000:339.286 - 0.221ms returns 0
T6FA0 000:339.315 JLINK_CORESIGHT_WriteAPDPReg(AP reg 0x01, 0x80011140)
T6FA0 000:339.499 - 0.184ms returns 0
T6FA0 000:339.507 JLINK_CORESIGHT_ReadAPDPReg(AP reg 0x03)
T6FA0 000:339.743   Value=0x00000002
T6FA0 000:339.751 - 0.244ms returns 0
T6FA0 000:339.758 JLINK_CORESIGHT_WriteAPDPReg(AP reg 0x00, 0x80000002)
T6FA0 000:339.919 - 0.160ms returns 0
T6FA0 000:339.926 JLINK_CORESIGHT_WriteAPDPReg(AP reg 0x01, 0x80011120)
T6FA0 000:340.103 - 0.177ms returns 0
T6FA0 000:340.111 JLINK_CORESIGHT_WriteAPDPReg(AP reg 0x03, 0x2C010001)
T6FA0 000:340.284 - 0.173ms returns 0
T6FA0 000:340.292 JLINK_CORESIGHT_WriteAPDPReg(AP reg 0x00, 0x80000002)
T6FA0 000:340.469 - 0.177ms returns 0
T6FA0 000:340.476 JLINK_CORESIGHT_WriteAPDPReg(AP reg 0x01, 0x80011140)
T6FA0 000:340.670 - 0.193ms returns 0
T6FA0 000:340.679 JLINK_CORESIGHT_ReadAPDPReg(AP reg 0x03)
T6FA0 000:340.900   Value=0x00000002
T6FA0 000:340.908 - 0.229ms returns 0
T6FA0 000:340.915 JLINK_CORESIGHT_WriteAPDPReg(AP reg 0x00, 0x80000002)
T6FA0 000:341.096 - 0.181ms returns 0
T6FA0 000:341.103 JLINK_CORESIGHT_WriteAPDPReg(AP reg 0x01, 0x80011120)
T6FA0 000:341.303 - 0.199ms returns 0
T6FA0 000:341.311 JLINK_CORESIGHT_WriteAPDPReg(AP reg 0x03, 0x000003D3)
T6FA0 000:341.483 - 0.172ms returns 0
T6FA0 000:341.493 JLINK_CORESIGHT_WriteAPDPReg(AP reg 0x00, 0x80000002)
T6FA0 000:341.712 - 0.219ms returns 0
T6FA0 000:341.727 JLINK_CORESIGHT_WriteAPDPReg(AP reg 0x01, 0x80011140)
T6FA0 000:341.904 - 0.177ms returns 0
T6FA0 000:341.912 JLINK_CORESIGHT_ReadAPDPReg(AP reg 0x03)
T6FA0 000:342.140   Value=0x00000002
T6FA0 000:342.148 - 0.236ms returns 0
T6FA0 000:342.155 JLINK_CORESIGHT_ReadAPDPReg(AP reg 0x03)
T6FA0 000:342.380   Value=0x00000002
T6FA0 000:342.388 - 0.233ms returns 0
T6FA0 000:342.394 JLINK_CORESIGHT_ReadAPDPReg(AP reg 0x03)
T6FA0 000:342.675   Value=0x00000002
T6FA0 000:342.688 - 0.293ms returns 0
T6FA0 000:342.696 JLINK_CORESIGHT_ReadAPDPReg(AP reg 0x03)
T6FA0 000:342.931   Value=0x00000002
T6FA0 000:342.939 - 0.243ms returns 0
T6FA0 000:342.946 JLINK_CORESIGHT_ReadAPDPReg(AP reg 0x03)
T6FA0 000:343.178   Value=0x00000002
T6FA0 000:343.186 - 0.240ms returns 0
T6FA0 000:343.193 JLINK_CORESIGHT_ReadAPDPReg(AP reg 0x03)
T6FA0 000:343.428   Value=0x00000002
T6FA0 000:343.436 - 0.243ms returns 0
T6FA0 000:343.442 JLINK_CORESIGHT_ReadAPDPReg(AP reg 0x03)
T6FA0 000:343.671   Value=0x00000002
T6FA0 000:343.681 - 0.238ms returns 0
T6FA0 000:343.688 JLINK_CORESIGHT_ReadAPDPReg(AP reg 0x03)
T6FA0 000:343.910   Value=0x00000002
T6FA0 000:343.919 - 0.230ms returns 0
T6FA0 000:343.926 JLINK_CORESIGHT_ReadAPDPReg(AP reg 0x03)
T6FA0 000:344.151   Value=0x00000002
T6FA0 000:344.162 - 0.236ms returns 0
T6FA0 000:344.170 JLINK_CORESIGHT_ReadAPDPReg(AP reg 0x03)
T6FA0 000:344.398   Value=0x00000002
T6FA0 000:344.406 - 0.236ms returns 0
T6FA0 000:344.413 JLINK_CORESIGHT_ReadAPDPReg(AP reg 0x03)
T6FA0 000:344.665   Value=0x00000000
T6FA0 000:344.673 - 0.260ms returns 0
T6FA0 000:344.680 JLINK_CORESIGHT_WriteAPDPReg(AP reg 0x00, 0x80000002)
T6FA0 000:344.854 - 0.174ms returns 0
T6FA0 000:344.861 JLINK_CORESIGHT_WriteAPDPReg(AP reg 0x01, 0x80011130)
T6FA0 000:345.075 - 0.213ms returns 0
T6FA0 000:345.091 JLINK_CORESIGHT_ReadAPDPReg(AP reg 0x03)
T6FA0 000:345.367   Value=0x2C020081
T6FA0 000:345.376 - 0.285ms returns 0
T6FA0 000:345.383 JLINK_CORESIGHT_WriteAPDPReg(AP reg 0x00, 0x80000002)
T6FA0 000:345.569 - 0.185ms returns 0
T6FA0 000:345.576 JLINK_CORESIGHT_WriteAPDPReg(AP reg 0x01, 0x80011140)
T6FA0 000:345.805 - 0.229ms returns 0
T6FA0 000:345.814 JLINK_CORESIGHT_ReadAPDPReg(AP reg 0x03)
T6FA0 000:346.035   Value=0x00000000
T6FA0 000:346.045 - 0.231ms returns 0
T6FA0 000:346.052 JLINK_CORESIGHT_WriteAPDPReg(AP reg 0x00, 0x80000002)
T6FA0 000:346.282 - 0.229ms returns 0
T6FA0 000:346.289 JLINK_CORESIGHT_WriteAPDPReg(AP reg 0x01, 0x80011130)
T6FA0 000:346.474 - 0.185ms returns 0
T6FA0 000:346.481 JLINK_CORESIGHT_ReadAPDPReg(AP reg 0x03)
T6FA0 000:346.705   Value=0x0003D002
T6FA0 000:346.714 - 0.232ms returns 0
T6FA0 000:346.725 JLINK_CORESIGHT_WriteAPDPReg(AP reg 0x00, 0x80000002)
T6FA0 000:346.928 - 0.203ms returns 0
T6FA0 000:346.935 JLINK_CORESIGHT_WriteAPDPReg(AP reg 0x01, 0x80011140)
T6FA0 000:347.116 - 0.180ms returns 0
T6FA0 000:347.125 JLINK_CORESIGHT_ReadAPDPReg(AP reg 0x03)
T6FA0 000:347.357   Value=0x00000002
T6FA0 000:347.365 - 0.240ms returns 0
T6FA0 000:347.372 JLINK_CORESIGHT_WriteAPDPReg(AP reg 0x00, 0x80000002)
T6FA0 000:347.584 - 0.211ms returns 0
T6FA0 000:347.591 JLINK_CORESIGHT_WriteAPDPReg(AP reg 0x01, 0x80011120)
T6FA0 000:347.815 - 0.224ms returns 0
T6FA0 000:347.825 JLINK_CORESIGHT_WriteAPDPReg(AP reg 0x03, 0x4F010001)
T6FA0 000:348.001 - 0.176ms returns 0
T6FA0 000:348.009 JLINK_CORESIGHT_WriteAPDPReg(AP reg 0x00, 0x80000002)
T6FA0 000:348.214 - 0.205ms returns 0
T6FA0 000:348.221 JLINK_CORESIGHT_WriteAPDPReg(AP reg 0x01, 0x80011140)
T6FA0 000:348.400 - 0.179ms returns 0
T6FA0 000:348.408 JLINK_CORESIGHT_ReadAPDPReg(AP reg 0x03)
T6FA0 000:348.722   Value=0x00000002
T6FA0 000:348.735 - 0.327ms returns 0
T6FA0 000:348.753 JLINK_CORESIGHT_WriteAPDPReg(AP reg 0x00, 0x80000002)
T6FA0 000:348.975 - 0.222ms returns 0
T6FA0 000:348.988 JLINK_CORESIGHT_WriteAPDPReg(AP reg 0x01, 0x80011120)
T6FA0 000:349.207 - 0.219ms returns 0
T6FA0 000:349.215 JLINK_CORESIGHT_WriteAPDPReg(AP reg 0x03, 0x000003B0)
T6FA0 000:349.410 - 0.194ms returns 0
T6FA0 000:349.435 JLINK_CORESIGHT_WriteAPDPReg(AP reg 0x00, 0x80000002)
T6FA0 000:349.670 - 0.234ms returns 0
T6FA0 000:349.684 JLINK_CORESIGHT_WriteAPDPReg(AP reg 0x01, 0x80011140)
T6FA0 000:349.932 - 0.248ms returns 0
T6FA0 000:349.940 JLINK_CORESIGHT_ReadAPDPReg(AP reg 0x03)
T6FA0 000:350.161   Value=0x00000000
T6FA0 000:350.185 - 0.245ms returns 0
T6FA0 000:350.199 JLINK_CORESIGHT_WriteAPDPReg(AP reg 0x00, 0x80000002)
T6FA0 000:350.402 - 0.203ms returns 0
T6FA0 000:350.415 JLINK_CORESIGHT_WriteAPDPReg(AP reg 0x01, 0x80011130)
T6FA0 000:350.674 - 0.259ms returns 0
T6FA0 000:350.682 JLINK_CORESIGHT_ReadAPDPReg(AP reg 0x03)
T6FA0 000:350.907   Value=0x4F0B0081
T6FA0 000:350.915 - 0.233ms returns 0
T6FA0 000:350.922 JLINK_CORESIGHT_WriteAPDPReg(AP reg 0x00, 0x80000002)
T6FA0 000:351.096 - 0.173ms returns 0
T6FA0 000:351.103 JLINK_CORESIGHT_WriteAPDPReg(AP reg 0x01, 0x80011140)
T6FA0 000:351.278 - 0.175ms returns 0
T6FA0 000:351.286 JLINK_CORESIGHT_ReadAPDPReg(AP reg 0x03)
T6FA0 000:351.503   Value=0x00000000
T6FA0 000:351.511 - 0.226ms returns 0
T6FA0 000:351.518 JLINK_CORESIGHT_WriteAPDPReg(AP reg 0x00, 0x80000002)
T6FA0 000:351.709 - 0.190ms returns 0
T6FA0 000:351.720 JLINK_CORESIGHT_WriteAPDPReg(AP reg 0x01, 0x80011130)
T6FA0 000:351.899 - 0.179ms returns 0
T6FA0 000:351.908 JLINK_CORESIGHT_ReadAPDPReg(AP reg 0x03)
T6FA0 000:352.129   Value=0x20001700
T6FA0 000:352.138 - 0.229ms returns 0
T6FA0 000:352.145 JLINK_CORESIGHT_WriteAPDPReg(AP reg 0x00, 0x80000002)
T6FA0 000:352.317 - 0.172ms returns 0
T6FA0 000:352.325 JLINK_CORESIGHT_WriteAPDPReg(AP reg 0x01, 0x80011140)
T6FA0 000:352.500 - 0.175ms returns 0
T6FA0 000:352.507 JLINK_CORESIGHT_ReadAPDPReg(AP reg 0x03)
T6FA0 000:352.757   Value=0x00000000
T6FA0 000:352.769 - 0.262ms returns 0
T6FA0 000:352.777 JLINK_CORESIGHT_WriteAPDPReg(AP reg 0x00, 0x80000002)
T6FA0 000:352.988 - 0.211ms returns 0
T6FA0 000:353.011 JLINK_CORESIGHT_WriteAPDPReg(AP reg 0x01, 0x80011130)
T6FA0 000:353.247 - 0.236ms returns 0
T6FA0 000:353.261 JLINK_CORESIGHT_ReadAPDPReg(AP reg 0x03)
T6FA0 000:353.498   Value=0x0B000000
T6FA0 000:353.515 - 0.254ms returns 0
T6FA0 000:353.527 JLINK_CORESIGHT_WriteAPDPReg(AP reg 0x00, 0x80000002)
T6FA0 000:353.826 - 0.298ms returns 0
T6FA0 000:353.847 JLINK_CORESIGHT_WriteAPDPReg(AP reg 0x01, 0x80011140)
T6FA0 000:354.040 - 0.192ms returns 0
T6FA0 000:354.064 JLINK_CORESIGHT_ReadAPDPReg(AP reg 0x03)
T6FA0 000:354.339   Value=0x00000000
T6FA0 000:354.360 - 0.296ms returns 0
T6FA0 000:354.368 JLINK_CORESIGHT_WriteAPDPReg(AP reg 0x00, 0x80000002)
T6FA0 000:354.578 - 0.209ms returns 0
T6FA0 000:354.608 JLINK_CORESIGHT_WriteAPDPReg(AP reg 0x01, 0x80011130)
T6FA0 000:354.817 - 0.209ms returns 0
T6FA0 000:354.828 JLINK_CORESIGHT_ReadAPDPReg(AP reg 0x03)
T6FA0 000:355.082   Value=0x03541000
T6FA0 000:355.132 - 0.303ms returns 0
T6FA0 000:355.335 JLINK_CORESIGHT_ReadAPDPReg(DP reg 0x01)
T6FA0 000:355.573   Value=0xF0000F40
T6FA0 000:355.599 - 0.264ms returns 0
T6FA0 000:355.612 JLINK_CORESIGHT_WriteAPDPReg(DP reg 0x01, 0xA0000F40)
T6FA0 000:355.826 - 0.214ms returns 0
T6FA0 000:355.842 JLINK_CORESIGHT_ReadAPDPReg(DP reg 0x01)
T6FA0 000:356.036   Value=0x00000F40
T6FA0 000:356.051 - 0.209ms returns 0
T6FA0 000:356.060 JLINK_ClrRESET()
T6FA0 000:356.428 - 0.367ms 
T6FA0 000:463.381 JLINK_Close()
T6FA0 000:475.272 - 11.888ms
T6FA0 000:475.326   
T6FA0 000:475.337   Closed
